24 sequence; length of alignment 135
alifold output
   28    73  0  99.5%   0.019 CG:18   UG:5    UA:1   
   31    70  0  99.7%   0.027 GC:22   GU:2   
   30    71  0  99.6%   0.011 GU:1    AU:23  
   41    59  0  99.4%   0.035 CG:24  
   29    72  2  99.6%   0.015 UG:1    UA:21  
   42    58  1  98.7%   0.074 CG:19   UG:4   
   37    65  0  98.4%   0.081 GC:24  
   38    64  8  98.2%   0.085 CG:16  
   32    69  2  96.4%   0.122 UA:22  
   40    60  6  94.8%   0.168 GC:11   GU:7   
    5   131  0  91.8%   0.245 CG:21   UG:3   
    4   132  7  92.1%   0.239 GC:14   AU:3   
    3   133  4  90.6%   0.272 AU:20  
   45    52  0  83.8%   0.505 CG:16   UG:8   
   44    53  0  83.8%   0.501 GC:24  
    2   134  2  83.3%   0.462 UA:22  
   27    74  5  82.4%   0.482 GC:1    GU:3    AU:15  
   43    57  4  59.8%   1.307 UG:1    UA:19  
   43    54  7  37.8%   1.121 UG:1    UA:16   +
   95   114  0  28.9%   1.494 GC:21   GU:3    +
   94   115  0  28.9%   2.100 GC:19   GU:5    +
   93   106  0  27.8%   1.187 CG:11   UG:11   UA:2   
   94   105  0  27.3%   1.710 GC:14   GU:10  
   92   107  0  27.5%   1.235 AU:24  
   91   108  7  23.2%   1.113 UA:17  
  100   109  2  22.7%   1.348 GC:22   +
  102   106  1  18.1%   1.553 CG:16   UG:6    UA:1    +
  101   107  0  18.1%   1.653 AU:24   +
  106   114  1  15.6%   2.040 GC:20   GU:2    AU:1    +
   44    56  0  15.2%   1.047 GU:24   +
  107   113  0  15.2%   1.625 UA:24   +
   89    94  0  13.8%   1.055 CG:23   UG:1    +
   83   100  0  14.5%   0.920 CG:24   +
   94   121  0  12.8%   2.176 GC:22   GU:2    +
   95   120  0  12.8%   1.567 GC:21   GU:3    +
   45    55  8  14.1%   1.049 CG:10   UG:4    UA:2    +
   82   101  0  13.4%   0.890 UA:24   +
   46    53  0  11.3%   1.023 GC:24   +
  100   115  0   4.9%   1.520 GC:19   GU:5    +
   40    61  0   3.7%   0.433 GC:17   GU:7    +
   95   102  0   2.9%   0.662 GC:17   GU:7    +
   16    95  0   3.9%   0.385 CG:24   +
   17    94  0   3.9%   0.385 CG:24   +
  106   120  1   3.1%   1.713 GC:20   GU:2    AU:1    +
  107   119  0   3.0%   1.378 UA:24   +
   94   103  0   1.9%   0.876 GC:2    GU:22   +
   80    86  0   2.9%   0.372 UA:24   +
   94   102  0   1.6%   0.704 GC:17   GU:7    +
   46    50  1   2.7%   0.356 GC:23   +
   89    95  0   1.2%   0.672 CG:23   UG:1    +
   79    87  8   2.8%   0.344 GC:7    GU:5    AU:4    +
   79   103  0   0.2%   0.202 GC:2    GU:10   AU:12   +
   89   106  1   2.1%   0.597 CG:22   UA:1    +
   87   106  0   0.1%   0.203 CG:15   UG:7    UA:2    +
   98   106  0   0.1%   0.469 CG:12   UG:10   UA:2    +
   11   106  0   0.0%   0.021 CG:6    UG:16   UA:2    +
   23   106  0   0.0%   0.041 CG:7    UG:15   UA:2    +
   23    73  0   0.0%   0.037 CG:7    UG:16   UA:1    +
   74   106  0   0.0%   0.184 CG:2    UG:20   UA:2    +
   88   107  0   2.0%   0.263 AU:24   +
   87    95  0   0.9%   0.451 CG:15   UG:9    +
  100   114  0   0.8%   1.149 GC:21   GU:3    +
  100   120  0   0.7%   1.223 GC:21   GU:3    +
   87    94  0   0.7%   0.399 CG:15   UG:9    +
  124   131  0   0.7%   0.274 CG:21   UG:3    +
   20    79  0   0.6%   0.148 UG:12   UA:12   +
   91   104  0   1.5%   0.229 UA:24   +
  100   121  0   0.5%   1.240 GC:22   GU:2    +
  122   129  0   0.5%   0.215 UG:1    UA:23   +
   58    67  0   0.4%   0.089 GC:18   GU:6    +
   95   124  0   0.4%   1.118 GC:21   GU:3    +
   37    45  0   0.4%   0.064 GC:16   GU:8    +
   36    46  0   0.4%   0.062 CG:8    UG:16   +
   80   129  0   0.3%   0.290 UG:1    UA:23   +
   34    48  0   0.3%   0.055 UG:5    UA:19   +
   79   130  0   0.3%   0.323 GU:12   AU:12   +
   83    94  0   1.3%   0.309 CG:24   +
   26    78  0   0.3%   0.120 UG:3    UA:21   +
  106   115  1   0.7%   1.681 GC:18   GU:4    AU:1    +
  100   105  0   0.2%   0.705 GC:14   GU:10   +
   95   103  0   0.2%   0.578 GC:2    GU:22   +
   94   114  0   0.2%   1.038 GC:21   GU:3    +
   52    74  0   0.1%   0.365 GC:2    GU:22   +
  121   131  0   0.1%   0.463 CG:22   UG:2    +
   95   121  0   0.1%   1.327 GC:22   GU:2    +
   95   115  0   0.1%   1.157 GC:19   GU:5    +
    5    95  0   0.1%   0.025 CG:21   UG:3    +
   93   100  0   0.1%   0.343 CG:11   UG:13   +
   89   100  0   0.1%   0.650 CG:23   UG:1    +
   20   129  0   0.1%   0.136 UG:1    UA:23   +
  125   129  0   0.1%   0.177 UG:1    UA:23   +
   26    79  0   0.1%   0.132 UG:12   UA:12   +
  100   124  0   0.1%   0.957 GC:21   GU:3    +
   20    78  0   0.0%   0.064 UG:3    UA:21   +
  120   131  0   0.0%   0.544 CG:21   UG:3    +
  106   130  0   0.0%   1.340 GU:22   AU:2    +
  107   129  0   0.0%   1.218 UG:1    UA:23   +
   94   124  0   0.0%   1.667 GC:21   GU:3    +
  116   129  0   0.0%   0.188 UG:1    UA:23   +
   78    82  0   0.0%   0.042 GU:3    AU:21   +
   78   116  0   0.0%   0.046 GU:3    AU:21   +
   43    48  0   0.0%   0.027 UG:5    UA:19   +
   95   105  0   0.0%   0.764 GC:14   GU:10   +
   94   120  0   0.0%   1.393 GC:21   GU:3    +
   28    52  0   0.0%   0.008 CG:18   UG:6    +
   78    91  0   0.0%   0.036 GU:3    AU:21   +
   79    91  0   0.0%   0.155 GU:12   AU:12   +
   78   130  0   0.0%   0.128 GU:3    AU:21   +
   78   133  0   0.0%   0.138 GU:3    AU:21   +
  105   131  0   0.0%   0.493 CG:14   UG:10   +
   87   131  0   0.0%   0.304 CG:15   UG:9    +
   52    61  0   0.0%   0.302 GC:17   GU:7    +
   52   132  0   0.0%   0.269 GC:19   GU:5    +
  115   131  0   0.0%   0.686 CG:19   UG:5    +
   30   133  0   0.0%   0.099 GU:1    AU:23   +
   31   132  0   0.0%   0.101 GC:19   GU:5    +
   37    61  0   0.0%   0.036 GC:17   GU:7    +
   94    98  0   0.0%   0.511 GC:12   GU:12   +
   78   107  0   0.0%   0.036 GU:3    AU:21   +
   11   100  0   0.0%   0.022 CG:6    UG:18   +
   89   131  0   0.0%   0.540 CG:23   UG:1    +
   87   100  0   0.0%   0.475 CG:15   UG:9    +
   95   132  0   0.0%   1.162 GC:19   GU:5    +
  114   131  0   0.0%   0.824 CG:21   UG:3    +
  106   116  0   0.0%   1.186 GU:22   AU:2    +
   79   107  0   0.0%   0.179 GU:12   AU:12   +
   58   121  0   0.0%   0.046 GC:22   GU:2    +
   59   120  0   0.0%   0.042 GC:21   GU:3    +
   78   122  0   0.0%   0.043 GU:3    AU:21   +
   82   129  0   0.0%   0.401 UG:1    UA:23   +
   80   106  0   0.0%   0.201 UG:22   UA:2    +
   79   116  0   0.0%   0.188 GU:12   AU:12   +
   48   133  0   0.0%   0.115 GU:5    AU:19   +
   34   129  0   0.0%   0.055 UG:1    UA:23   +
   91   129  0   0.0%   0.538 UG:1    UA:23   +
   91   106  0   0.0%   0.190 UG:22   UA:2    +
   79   122  0   0.0%   0.187 GU:12   AU:12   +
   94   132  0   0.0%   1.781 GC:19   GU:5    +
   37   132  0   0.0%   0.129 GC:19   GU:5    +
   23    95  0   0.0%   0.178 CG:7    UG:17   +
  102   131  0   0.0%   0.598 CG:17   UG:7    +
    2    10  1   0.0%   0.001 GC:1    GU:1    UG:1    UA:20   +
   58   102  0   0.0%   0.044 GC:17   GU:7    +
  100   132  0   0.0%   1.023 GC:19   GU:5    +
   26   129  0   0.0%   0.136 UG:1    UA:23   +
  106   122  0   0.0%   1.251 GU:22   AU:2    +
   93   131  0   0.0%   0.498 CG:11   UG:13   +
   58   115  0   0.0%   0.046 GC:19   GU:5    +
   59   114  0   0.0%   0.041 GC:21   GU:3    +
  106   125  0   0.0%   1.252 GU:22   AU:2    +
  129   133  0   0.0%   0.194 GU:1    AU:23   +
   31    89  0   0.0%   0.021 GC:23   GU:1    +
   59    67  0   0.0%   0.063 GC:18   GU:6    +
   31   102  0   0.0%   0.021 GC:17   GU:7    +
   37    67  0   0.0%   0.051 GC:18   GU:6    +
   11   131  0   0.0%   0.129 CG:6    UG:18   +
   52    70  0   0.0%   0.179 GC:22   GU:2    +
   78   125  0   0.0%   0.048 GU:3    AU:21   +
   73    80  0   0.0%   0.057 GU:23   AU:1    +
    5   100  0   0.0%   0.009 CG:21   UG:3    +
   23   131  0   0.0%   0.150 CG:7    UG:17   +
   79   125  0   0.0%   0.192 GU:12   AU:12   +
   58    70  0   0.0%   0.064 GC:22   GU:2    +
   52   121  0   0.0%   0.186 GC:22   GU:2    +
   71    78  0   0.0%   0.025 UG:3    UA:21   +
   23    31  0   0.0%   0.037 CG:7    UG:17   +
   28    37  0   0.0%   0.000 CG:18   UG:6    +
   79   133  0   0.0%   0.296 GU:12   AU:12   +
   73    82  0   0.0%   0.028 GU:23   AU:1    +
   20   106  0   0.0%   0.093 UG:22   UA:2    +
   61   100  0   0.0%   0.130 CG:17   UG:7    +
  103   131  0   0.0%   0.337 CG:2    UG:22   +
   98   131  0   0.0%   0.127 CG:12   UG:12   +
   26    73  0   0.0%   0.027 UG:23   UA:1    +
   30    91  0   0.0%   0.007 GU:1    AU:23   +
   26    30  0   0.0%   0.027 UG:1    UA:23   +
   52    67  0   0.0%   0.176 GC:18   GU:6    +
   31    36  0   0.0%   0.000 GC:8    GU:16   +
   74   131  0   0.0%   0.292 CG:2    UG:22   +
   31    67  0   0.0%   0.018 GC:18   GU:6    +
   67    94  0   0.0%   0.162 CG:18   UG:6    +
   30    68  0   0.0%   0.000 GU:1    AU:23   +
   52   124  0   0.0%   0.186 GC:21   GU:3    +
   48    56  0   0.0%   0.309 GU:5    AU:19   +
   20    30  0   0.0%   0.052 UG:1    UA:23   +
   28    58  0   0.0%   0.003 CG:18   UG:6    +
   30    56  0   0.0%   0.000 GU:1    AU:23   +
   48    62  0   0.0%   0.027 GU:5    AU:19   +
    5    94  0   0.0%   0.000 CG:21   UG:3    +
   31   120  0   0.0%   0.021 GC:21   GU:3    +
   37    74  0   0.0%   0.212 GC:2    GU:22   +
   31    87  0   0.0%   0.021 GC:15   GU:9    +
   37   124  0   0.0%   0.051 GC:21   GU:3    +
   23    94  0   0.0%   0.176 CG:7    UG:17   +
   82   106  0   0.0%   0.346 UG:22   UA:2    +
   48    68  0   0.0%   0.021 GU:5    AU:19   +
   35   129  0   0.0%   0.056 UG:1    UA:23   +
   71    79  0   0.0%   0.042 UG:12   UA:12   +
  106   133  0   0.0%   1.320 GU:22   AU:2    +
   29    73  0   0.0%   0.012 UG:23   UA:1    +
   74    94  0   0.0%   0.319 CG:2    UG:22   +
   36    58  0   0.0%   0.021 CG:8    UG:16   +
   31   121  0   0.0%   0.022 GC:22   GU:2    +
   31   114  0   0.0%   0.021 GC:21   GU:3    +
   30   122  0   0.0%   0.009 GU:1    AU:23   +
   31   124  0   0.0%   0.022 GC:21   GU:3    +
   30    62  0   0.0%   0.000 GU:1    AU:23   +
   31    61  0   0.0%   0.018 GC:17   GU:7    +
   30   125  0   0.0%   0.016 GU:1    AU:23   +
  104   116  0   1.0%   0.256 AU:24   +
   82    95  0   0.9%   0.295 UG:24   +
   91   118  0   0.8%   0.562 UA:24   +
   13    20  1   0.8%   0.128 GU:5    AU:18   +
   92   103  2   1.4%   0.220 AU:22   +
   14    79  1   0.0%   0.097 CG:2    UG:9    UA:12   +
  106   132  1   0.0%   1.306 GC:18   GU:4    AU:1    +
   70   106  1   0.0%   0.026 CG:21   UG:1    UA:1    +
   49    74  1   0.0%   0.215 GC:2    GU:19   AU:2    +
   14   106  1   0.0%   0.100 CG:2    UG:19   UA:2    +
   92   116  0   0.4%   0.520 AU:24   +
   38    44  0   0.4%   0.064 CG:24   +
   35    47  0   0.4%   0.061 UA:24   +
   94   125  0   0.4%   1.737 GU:24   +
   13    23  4   0.7%   0.149 GC:4    GU:1    AU:15   +
  110   116  0   0.3%   0.162 AU:24   +
  100   127  0   0.3%   1.003 GC:24   +
   45    49  2   0.3%   0.097 CG:14   UG:7    UA:1    +
   94   127  0   0.3%   1.735 GC:24   +
   80    92  0   0.3%   0.219 UA:24   +
  118   125  0   0.3%   0.155 AU:24   +
    7   130  5   1.1%   0.165 AU:19   +
  122   128  0   0.2%   0.118 UA:24   +
   80    85  0   0.2%   0.094 UA:24   +
  104   122  0   0.2%   0.189 AU:24   +
   32    49  1   0.2%   0.040 UG:21   UA:2    +
   92   122  0   0.2%   0.509 AU:24   +
   86    91  0   0.2%   0.168 AU:24   +
   14    22  4   0.7%   0.169 UG:3    UA:17   +
   85    91  0   0.1%   0.061 AU:24   +
   22    80  1   0.1%   0.105 GU:4    AU:19   +
   80   101  0   0.1%   0.210 UA:24   +
  119   125  0   0.1%   0.206 AU:24   +
   37    53  0   0.1%   0.049 GC:24   +
   38    52  0   0.1%   0.052 CG:24   +
   94   116  0   0.1%   1.434 GU:24   +
   94   122  0   0.1%   1.697 GU:24   +
   26    76  7   0.9%   0.150 UG:1    UA:16   +
   26    85  0   0.1%   0.114 UA:24   +
   82    88  0   0.1%   0.058 UA:24   +
   95   127  0   0.1%   1.110 GC:24   +
   83    95  0   0.1%   0.260 CG:24   +
   40    53  0   0.1%   0.038 GC:24   +
  113   122  0   0.1%   0.361 AU:24   +
   13   130  1   0.1%   0.173 GU:5    AU:18   +
  107   112  0   0.1%   0.807 UA:24   +
   59    65  0   0.1%   0.052 GC:24   +
   86   107  0   0.1%   0.150 AU:24   +
   41    52  0   0.1%   0.038 CG:24   +
   82    86  0   0.1%   0.143 UA:24   +
   80    88  0   0.1%   0.184 UA:24   +
   91   119  0   0.1%   0.498 UA:24   +
  101   125  0   0.1%   0.647 AU:24   +
   22   130  1   0.1%   0.154 GU:4    AU:19   +
   19    80  1   0.6%   0.156 AU:23   +
   53    59  0   0.1%   0.443 CG:24   +
   80   104  0   0.1%   0.207 UA:24   +
   40    62  0   0.1%   0.202 GU:24   +
   21   131  1   0.1%   0.115 CG:13   UG:10   +
  100   116  0   0.1%   0.906 GU:24   +
   22    26  1   0.1%   0.078 GU:4    AU:19   +
   73    89  1   0.1%   0.033 GC:22   GU:1    +
  118   122  0   0.1%   0.124 AU:24   +
  116   128  0   0.1%   0.138 UA:24   +
   13   122  1   0.1%   0.093 GU:5    AU:18   +
   17    95  0   0.1%   0.272 CG:24   +
  110   130  0   0.1%   0.158 AU:24   +
  127   131  0   0.0%   0.237 CG:24   +
   26    86  0   0.0%   0.111 UA:24   +
  101   116  0   0.0%   0.648 AU:24   +
   20    92  0   0.0%   0.098 UA:24   +
  119   130  0   0.0%   0.261 AU:24   +
   17   131  0   0.0%   0.234 CG:24   +
   42    52  1   0.0%   0.029 CG:19   UG:4    +
  118   130  0   0.0%   0.207 AU:24   +
  112   116  0   0.0%   0.163 AU:24   +
   13   125  1   0.0%   0.101 GU:5    AU:18   +
   88   122  0   0.0%   0.119 AU:24   +
  100   107  0   0.0%   0.773 GU:24   +
   86   122  0   0.0%   0.150 AU:24   +
   80   119  0   0.0%   0.206 UA:24   +
  112   122  0   0.0%   0.098 AU:24   +
   16   131  0   0.0%   0.225 CG:24   +
   13    26  1   0.0%   0.086 GU:5    AU:18   +
   92   125  0   0.0%   0.495 AU:24   +
   31    38  0   0.0%   0.007 GC:24   +
   91   110  0   0.0%   0.440 UA:24   +
   32    37  0   0.0%   0.006 UG:24   +
   82   118  0   0.0%   0.352 UA:24   +
   31    53  0   0.0%   0.021 GC:24   +
   88   130  0   0.0%   0.219 AU:24   +
   85   130  0   0.0%   0.150 AU:24   +
   32    52  0   0.0%   0.023 UG:24   +
   82    92  0   0.0%   0.055 UA:24   +
   53   131  0   0.0%   0.549 CG:24   +
   13    80  1   0.0%   0.084 GU:5    AU:18   +
   41    58  0   0.0%   0.018 CG:24   +
   82   128  0   0.0%   0.355 UA:24   +
   80   131  0   0.0%   0.335 UG:24   +
   73   102  1   0.0%   0.029 GC:16   GU:7    +
   83   131  0   0.0%   0.462 CG:24   +
  112   125  0   0.0%   0.094 AU:24   +
  119   133  0   0.0%   0.233 AU:24   +
   71   104  0   0.0%   0.010 UA:24   +
  110   122  0   0.0%   0.079 AU:24   +
   80   118  0   0.0%   0.202 UA:24   +
   37    62  0   0.0%   0.038 GU:24   +
   91   128  0   0.0%   0.493 UA:24   +
   85   125  0   0.0%   0.052 AU:24   +
  107   118  0   0.0%   1.105 UA:24   +
  113   125  0   0.0%   0.348 AU:24   +
   29   134  0   0.0%   0.164 UA:24   +
  110   125  0   0.0%   0.076 AU:24   +
   73    87  1   0.0%   0.022 GC:14   GU:9    +
   32   131  0   0.0%   0.161 UG:24   +
   86   130  0   0.0%   0.250 AU:24   +
  130   135  0   0.0%   0.136 UA:24   +
   80   128  0   0.0%   0.207 UA:24   +
   80    95  0   0.0%   0.323 UG:24   +
   85   116  0   0.0%   0.046 AU:24   +
   22    82  1   0.0%   0.069 GU:4    AU:19   +
   26    88  0   0.0%   0.108 UA:24   +
  104   133  0   0.0%   0.230 AU:24   +
   17   100  0   0.0%   0.135 CG:24   +
  113   130  0   0.0%   0.423 AU:24   +
   82   113  0   0.0%   0.345 UA:24   +
  112   130  0   0.0%   0.169 AU:24   +
   20   118  0   0.0%   0.095 UA:24   +
   38    59  0   0.0%   0.034 CG:24   +
   49   132  2   0.0%   0.134 GC:17   GU:4    AU:1    +
   86   116  0   0.0%   0.147 AU:24   +
   94   133  0   0.0%   1.798 GU:24   +
   37    56  0   0.0%   0.033 GU:24   +
   86   125  0   0.0%   0.153 AU:24   +
   85   122  0   0.0%   0.045 AU:24   +
   82   112  0   0.0%   0.344 UA:24   +
  122   134  0   0.0%   0.261 UA:24   +
   91   112  0   0.0%   0.440 UA:24   +
   21   100  1   0.0%   0.006 CG:13   UG:10   +
   88   125  0   0.0%   0.119 AU:24   +
  125   134  0   0.0%   0.237 UA:24   +
   95   125  0   0.0%   1.108 GU:24   +
  107   131  0   0.0%   1.279 UG:24   +
   88   116  0   0.0%   0.112 AU:24   +
   20   101  0   0.0%   0.093 UA:24   +
   92   130  0   0.0%   0.589 AU:24   +
   82   119  0   0.0%   0.351 UA:24   +
   16   100  0   0.0%   0.130 CG:24   +
   22    91  1   0.0%   0.061 GU:4    AU:19   +
   20    85  0   0.0%   0.089 UA:24   +
   22    74  2   0.0%   0.049 GC:1    GU:3    AU:18   +
  101   122  0   0.0%   0.628 AU:24   +
   43    47  0   0.0%   0.022 UA:24   +
   22   116  1   0.0%   0.063 GU:4    AU:19   +
   91   101  0   0.0%   0.312 UA:24   +
   35   128  0   0.0%   0.027 UA:24   +
   61    73  1   0.0%   0.142 CG:16   UG:7    +
   82    94  0   0.0%   0.171 UG:24   +
   58    65  0   0.0%   0.037 GC:24   +
   91   100  0   0.0%   0.334 UG:24   +
  118   133  0   0.0%   0.179 AU:24   +
  128   133  0   0.0%   0.129 AU:24   +
   20    88  0   0.0%   0.090 UA:24   +
   20   119  0   0.0%   0.094 UA:24   +
   26    92  0   0.0%   0.106 UA:24   +
  122   131  0   0.0%   0.242 UG:24   +
   53    58  0   0.0%   0.436 CG:24   +
  100   122  0   0.0%   0.948 GU:24   +
   38   131  0   0.0%   0.158 CG:24   +
  104   125  0   0.0%   0.173 AU:24   +
   91   113  0   0.0%   0.439 UA:24   +
   82   100  0   0.0%   0.086 UG:24   +
   91   134  0   0.0%   0.640 UA:24   +
   92   133  0   0.0%   0.574 AU:24   +
   82   110  0   0.0%   0.342 UA:24   +
   71    92  0   0.0%   0.010 UA:24   +
   49    56  1   0.0%   0.337 GU:21   AU:2    +
   73    93  1   0.0%   0.025 GC:10   GU:13   +
   52    65  0   0.0%   0.196 GC:24   +
   80   113  0   0.0%   0.197 UA:24   +
   56   104  0   0.0%   0.308 UA:24   +
   65    95  0   0.0%   0.167 CG:24   +
  125   131  0   0.0%   0.251 UG:24   +
   20   128  0   0.0%   0.096 UA:24   +
   16    94  0   0.0%   0.009 CG:24   +
   14    78  2   0.0%   0.091 CG:1    UG:2    UA:19   +
   37   127  0   0.0%   0.052 GC:24   +
   80   134  0   0.0%   0.376 UA:24   +
   52   127  0   0.0%   0.187 GC:24   +
  113   133  0   0.0%   0.400 AU:24   +
   26   128  0   0.0%   0.106 UA:24   +
   91    95  0   0.0%   0.315 UG:24   +
   91   131  0   0.0%   0.602 UG:24   +
   68    92  0   0.0%   0.027 UA:24   +
  107   128  0   0.0%   1.163 UA:24   +
   13    91  1   0.0%   0.081 GU:5    AU:18   +
  100   125  0   0.0%   0.958 GU:24   +
   80   112  0   0.0%   0.197 UA:24   +
   85   133  0   0.0%   0.136 AU:24   +
   94   130  0   0.0%   1.811 GU:24   +
  130   134  0   0.0%   0.286 UA:24   +
  122   135  0   0.0%   0.108 UA:24   +
   20    86  0   0.0%   0.090 UA:24   +
   42    46  1   0.0%   0.021 CG:19   UG:4    +
   42    59  1   0.0%   0.055 CG:19   UG:4    +
   26   134  0   0.0%   0.256 UA:24   +
   22   125  1   0.0%   0.070 GU:4    AU:19   +
   80   110  0   0.0%   0.196 UA:24   +
   82   104  0   0.0%   0.348 UA:24   +
   32    88  0   0.0%   0.057 UA:24   +
   13   133  1   0.0%   0.183 GU:5    AU:18   +
  104   130  0   0.0%   0.242 AU:24   +
   20   134  0   0.0%   0.253 UA:24   +
  116   134  0   0.0%   0.281 UA:24   +
   26   118  0   0.0%   0.104 UA:24   +
   86   133  0   0.0%   0.236 AU:24   +
   29   104  0   0.0%   0.008 UA:24   +
   58    68  0   0.0%   0.066 GU:24   +
   21    95  1   0.0%   0.139 CG:13   UG:10   +
   22   133  1   0.0%   0.155 GU:4    AU:19   +
   32   101  0   0.0%   0.053 UA:24   +
   43    58  0   0.0%   0.707 UG:24   +
   52   107  0   0.0%   0.186 GU:24   +
   13   116  1   0.0%   0.083 GU:5    AU:18   +
   94   107  0   0.0%   1.443 GU:24   +
   73   120  1   0.0%   0.027 GC:20   GU:3    +
   22   122  1   0.0%   0.064 GU:4    AU:19   +
   95   107  0   0.0%   0.845 GU:24   +
   26   119  0   0.0%   0.104 UA:24   +
   35   134  0   0.0%   0.177 UA:24   +
  112   133  0   0.0%   0.147 AU:24   +
   80   100  0   0.0%   0.187 UG:24   +
   17    31  0   0.0%   0.000 CG:24   +
   22    29  1   0.0%   0.047 GU:4    AU:19   +
   22   107  1   0.0%   0.058 GU:4    AU:19   +
   21    94  1   0.0%   0.138 CG:13   UG:10   +
   95   122  0   0.0%   1.078 GU:24   +
   85   107  0   0.0%   0.038 AU:24   +
   71    85  0   0.0%   0.015 UA:24   +
   34   135  0   0.0%   0.026 UA:24   +
   82   134  0   0.0%   0.503 UA:24   +
   80    94  0   0.0%   0.319 UG:24   +
   26   112  0   0.0%   0.102 UA:24   +
   95   116  0   0.0%   0.817 GU:24   +
   26   135  0   0.0%   0.108 UA:24   +
   34    47  0   0.0%   0.000 UA:24   +
  101   130  0   0.0%   0.712 AU:24   +
   20   135  0   0.0%   0.105 UA:24   +
   13    82  1   0.0%   0.080 GU:5    AU:18   +
   34    86  0   0.0%   0.028 UA:24   +
   47    56  0   0.0%   0.308 AU:24   +
   14   100  1   0.0%   0.101 CG:2    UG:21   +
   26   113  0   0.0%   0.102 UA:24   +
   35    85  0   0.0%   0.032 UA:24   +
  116   135  0   0.0%   0.130 UA:24   +
  125   135  0   0.0%   0.084 UA:24   +
   16    31  0   0.0%   0.000 CG:24   +
   16    59  0   0.0%   0.000 CG:24   +
   17    58  0   0.0%   0.000 CG:24   +
   20    95  0   0.0%   0.229 UG:24   +
   14   131  1   0.0%   0.197 CG:2    UG:21   +
   73   114  1   0.0%   0.027 GC:20   GU:3    +
   88   133  0   0.0%   0.202 AU:24   +
   26   110  0   0.0%   0.102 UA:24   +
   95   130  0   0.0%   1.189 GU:24   +
   13   107  1   0.0%   0.081 GU:5    AU:18   +
   80   135  0   0.0%   0.226 UA:24   +
   26   131  0   0.0%   0.209 UG:24   +
   73   105  1   0.0%   0.026 GC:13   GU:10   +
   22    32  1   0.0%   0.047 GU:4    AU:19   +
   73   121  1   0.0%   0.027 GC:21   GU:2    +
   46    56  0   0.0%   0.652 GU:24   +
   26   104  0   0.0%   0.102 UA:24   +
   20   112  0   0.0%   0.092 UA:24   +
   41    46  0   0.0%   0.021 CG:24   +
   20   113  0   0.0%   0.092 UA:24   +
   20   104  0   0.0%   0.092 UA:24   +
  116   131  0   0.0%   0.251 UG:24   +
   40    65  0   0.0%   0.208 GC:24   +
   73   132  1   0.0%   0.106 GC:18   GU:5    +
   20   131  0   0.0%   0.201 UG:24   +
   20   110  0   0.0%   0.092 UA:24   +
   29    52  0   0.0%   0.006 UG:24   +
   29    92  0   0.0%   0.011 UA:24   +
   21   106  2   0.0%   0.003 CG:12   UG:9    UA:1    +
   43    52  0   0.0%   0.039 UG:24   +
   37    83  0   0.0%   0.051 GC:24   +
   71   134  0   0.0%   0.161 UA:24   +
   40    56  0   0.0%   0.016 GU:24   +
    2    27  3   0.0%   0.001 GC:1    GU:1    UG:4    UA:15   +
   52    71  0   0.0%   0.180 GU:24   +
  100   130  0   0.0%   1.052 GU:24   +
   56   128  0   0.0%   0.311 UA:24   +
   31    41  0   0.0%   0.003 GC:24   +
   32    40  0   0.0%   0.002 UG:24   +
   20    31  0   0.0%   0.052 UG:24   +
   73   124  1   0.0%   0.027 GC:20   GU:3    +
   32   119  0   0.0%   0.053 UA:24   +
   67    73  1   0.0%   0.040 CG:17   UG:6    +
  101   133  0   0.0%   0.697 AU:24   +
  110   133  0   0.0%   0.133 AU:24   +
   32    86  0   0.0%   0.059 UA:24   +
   26   101  0   0.0%   0.103 UA:24   +
   56   119  0   0.0%   0.309 UA:24   +
   26    95  0   0.0%   0.240 UG:24   +
  107   134  0   0.0%   1.314 UA:24   +
   21    31  1   0.0%   0.000 CG:13   UG:10   +
   38    58  0   0.0%   0.032 CG:24   +
   82   131  0   0.0%   0.460 UG:24   +
  100   133  0   0.0%   1.037 GU:24   +
   26    94  0   0.0%   0.240 UG:24   +
   82   135  0   0.0%   0.352 UA:24   +
   32   113  0   0.0%   0.052 UA:24   +
   35    46  0   0.0%   0.000 UG:24   +
   37    68  0   0.0%   0.051 GU:24   +
   71    88  0   0.0%   0.010 UA:24   +
   34    49  1   0.0%   0.031 UG:21   UA:2    +
   35    59  0   0.0%   0.021 UG:24   +
   28    49  2   0.0%   0.000 CG:16   UG:5    UA:1    +
   14    19  4   0.8%   0.141 UA:20   +
  103   112  2   0.6%   0.270 UA:22   +
   42    55 10   0.6%   0.099 CG:12   UG:1    UA:1    +
   44    50  1   0.3%   0.098 GC:23   +
   57    68  4   0.4%   0.375 GU:1    AU:19   +
   79    98  3   0.1%   0.173 GC:9    GU:3    AU:9    +
   10   130  3   0.3%   0.126 GU:1    AU:20   +
   19    26  1   0.3%   0.104 AU:23   +
  106   121  2   0.1%   1.517 GC:20   GU:2    +
   42    49  3   0.0%   0.023 CG:17   UG:3    UA:1    +
    9   106  3   0.0%   0.002 CG:11   UG:9    UA:1    +
    9   131  2   0.1%   0.103 CG:12   UG:10   +
   78   103  2   0.1%   0.042 GU:3    AU:19   +
  106   124  2   0.1%   1.248 GC:19   GU:3    +
   59    66  5   0.4%   0.088 GC:15   GU:4    +
   79    93  6   0.3%   0.194 GC:5    GU:7    AU:6    +
   31    50  1   0.2%   0.042 GC:23   +
    4    96  6   0.1%   0.025 GC:6    GU:6    AU:1    UA:5    +
   74    79  2   0.0%   0.215 UG:12   UA:10   +
   74    78  2   0.0%   0.194 UG:3    UA:19   +
    4     9  5   0.0%   0.003 GC:9    GU:5    AU:3    UA:2    +
   56    69  2   0.3%   0.384 UA:22   +
    5   106  2   0.0%   0.010 CG:19   UG:3    +
   62    72  2   0.0%   0.013 UG:1    UA:21   +
    9   100  2   0.0%   0.003 CG:12   UG:10   +
   14    27  5   0.0%   0.091 CG:1    UG:3    AU:1    UA:14   +
   72    91  2   0.0%   0.009 GU:1    AU:21   +
  103   129  2   0.0%   0.273 UG:1    UA:21   +
   30   103  2   0.0%   0.005 GU:1    AU:21   +
   72    82  2   0.0%   0.016 GU:1    AU:21   +
    2   129  2   0.0%   0.004 UG:1    UA:21   +
   56    72  2   0.0%   0.311 UG:1    UA:21   +
    9    95  2   0.0%   0.010 CG:12   UG:10   +
   72   122  2   0.0%   0.012 GU:1    AU:21   +
   72   133  2   0.0%   0.101 GU:1    AU:21   +
   22   103  2   0.0%   0.058 GU:4    AU:18   +
   72    80  2   0.0%   0.045 GU:1    AU:21   +
   68    72  2   0.0%   0.027 UG:1    UA:21   +
   72   125  2   0.0%   0.018 GU:1    AU:21   +
   53    73  1   0.2%   0.462 CG:23   +
   19    82  1   0.2%   0.125 AU:23   +
   10    20  3   0.1%   0.034 GU:1    AU:20   +
   10    14  4   0.0%   0.022 GU:1    AU:18   UA:1    +
   40    50  1   0.1%   0.038 GC:23   +
   19   130  1   0.1%   0.204 AU:23   +
   10   125  3   0.1%   0.041 GU:1    AU:20   +
   11    79  4   0.0%   0.019 CG:2    UG:10   UA:8    +
   24    73  4   0.0%   0.000 CG:15   UG:4    UA:1    +
   55    70  9   0.3%   0.365 GC:13   GU:1    AU:1    +
   11   129  5   0.3%   0.069 CG:1    UA:18   +
   14   129  3   0.1%   0.134 UG:1    UA:20   +
   11    22  5   0.1%   0.028 CG:2    UG:2    UA:15   +
    2    15  6   0.0%   0.002 GC:1    GU:1    UG:3    UA:13   +
   64    97  6   0.0%   0.023 GC:8    GU:2    UG:1    UA:7    +
   43    51  5   0.2%   0.048 UG:1    UA:18   +
   10    26  3   0.0%   0.023 GU:1    AU:20   +
   19    91  1   0.0%   0.111 AU:23   +
    6    94  4   0.1%   0.024 CG:14   UG:6    +
   73    83  1   0.0%   0.022 GC:23   +
   19   116  1   0.0%   0.114 AU:23   +
   77   131  3   0.0%   0.116 CG:8    UG:13   +
   50   131  1   0.0%   0.254 CG:23   +
   77   100  3   0.0%   0.008 CG:8    UG:13   +
   19   133  1   0.0%   0.208 AU:23   +
   10    80  3   0.0%   0.018 GU:1    AU:20   +
   63    71  3   0.0%   0.007 GU:6    AU:15   +
   10   122  3   0.0%   0.019 GU:1    AU:20   +
   77    95  3   0.0%   0.140 CG:8    UG:13   +
   50    59  1   0.0%   0.147 CG:23   +
   35    63  3   0.0%   0.021 UG:6    UA:15   +
   10   107  3   0.0%   0.018 GU:1    AU:20   +
   77    94  3   0.0%   0.139 CG:8    UG:13   +
   19   125  1   0.0%   0.120 AU:23   +
   19   122  1   0.0%   0.114 AU:23   +
   10   116  3   0.0%   0.020 GU:1    AU:20   +
   10   133  3   0.0%   0.132 GU:1    AU:20   +
    4    18  7   0.0%   0.001 GC:8    GU:4    AU:1    UA:4    +
   10    91  3   0.0%   0.017 GU:1    AU:20   +
    2    13  3   0.0%   0.001 UG:5    UA:16   +
   34    63  3   0.0%   0.019 UG:6    UA:15   +
   56    63  3   0.0%   0.289 UG:6    UA:15   +
   63   116  3   0.0%   0.007 GU:6    AU:15   +
   13    74  3   0.0%   0.078 GU:5    AU:16   +
   19   107  1   0.0%   0.108 AU:23   +
   10    82  3   0.0%   0.017 GU:1    AU:20   +
   13   103  3   0.0%   0.080 GU:5    AU:16   +
   17    73  1   0.0%   0.000 CG:23   +
   37    50  1   0.0%   0.036 GC:23   +
   16    73  1   0.0%   0.000 CG:23   +
   19    29  1   0.0%   0.066 AU:23   +
   49    61  3   0.0%   0.173 GC:15   GU:6    +
   38    73  1   0.0%   0.056 CG:23   +
   19    32  1   0.0%   0.066 AU:23   +
    2    22  3   0.0%   0.001 UG:3    UA:18   +
   49    67  3   0.0%   0.054 GC:15   GU:6    +
   73   127  1   0.0%   0.027 GC:23   +
   29    63  3   0.0%   0.003 UG:6    UA:15   +
   49   124  3   0.0%   0.055 GC:18   GU:3    +
   63    68  3   0.0%   0.025 GU:6    AU:15   +
   50    58  1   0.0%   0.153 CG:23   +
    6   131  4   0.1%   0.107 CG:14   UG:6    +
  103   118  2   0.1%   0.279 UA:22   +
  106   127  2   0.1%   1.280 GC:22   +
    7    14  6   0.2%   0.034 AU:17   UA:1    +
   94   109  2   0.1%   1.022 GC:22   +
    4    23  6   0.0%   0.001 GC:5    GU:9    AU:4    +
  103   110  2   0.1%   0.187 UA:22   +
   72   103  4   0.0%   0.010 GU:1    AU:19   +
   57   122  4   0.0%   0.337 GU:1    AU:19   +
   24    94  4   0.0%   0.139 CG:15   UG:5    +
   24   131  4   0.0%   0.107 CG:15   UG:5    +
   24   100  4   0.0%   0.006 CG:15   UG:5    +
   57   116  4   0.0%   0.336 GU:1    AU:19   +
    6   100  4   0.0%   0.009 CG:14   UG:6    +
   57    71  4   0.0%   0.334 GU:1    AU:19   +
   57    62  4   0.0%   0.315 GU:1    AU:19   +
   24    95  4   0.0%   0.139 CG:15   UG:5    +
   24    31  4   0.0%   0.000 CG:15   UG:5    +
    4    24  9   0.0%   0.001 GC:11   GU:2    AU:1    UA:1    +
    6    95  4   0.0%   0.017 CG:14   UG:6    +
   10    74  4   0.0%   0.016 GU:1    AU:19   +
   73    77  4   0.0%   0.017 GC:7    GU:13   +
   35    57  4   0.0%   0.021 UG:1    UA:19   +
   29    57  4   0.0%   0.003 UG:1    UA:19   +
   34    57  4   0.0%   0.019 UG:1    UA:19   +
   58    66  5   0.1%   0.030 GC:15   GU:4    +
   36    63  7   0.0%   0.025 CG:3    UG:3    UA:11   +
   74    88  2   0.1%   0.194 UA:22   +
   95   109  2   0.1%   0.423 GC:22   +
  109   131  2   0.1%   0.480 CG:22   +
    2   135  2   0.1%   0.169 UA:22   +
   49    53  3   0.1%   0.478 GC:21   +
  103   113  2   0.1%   0.217 UA:22   +
   49    60  7   0.0%   0.101 GC:10   GU:6    AU:1    +
    9    79  7   0.0%   0.001 CG:7    UG:4    UA:6    +
   79   115  8   0.0%   0.188 GC:11   GU:1    AU:4    +
   29    51  5   0.0%   0.008 UG:1    UA:18   +
    4   126 10   0.0%   0.013 GC:7    GU:1    AU:2    UA:4    +
  103   119  2   0.0%   0.234 UA:22   +
   41    49  3   0.1%   0.036 CG:21   +
   20    27  5   0.0%   0.057 UG:4    UA:15   +
    4   115  8   0.0%   0.016 GC:13   GU:1    AU:2    +
   79   132  8   0.0%   0.284 GC:11   GU:1    AU:4    +
   34    69  2   0.0%   0.059 UA:22   +
   77   106  5   0.0%   0.010 CG:6    UG:13   +
   51    62  5   0.0%   0.028 GU:1    AU:18   +
   74    86  2   0.0%   0.186 UA:22   +
   51   133  5   0.0%   0.116 GU:1    AU:18   +
   74   101  2   0.0%   0.186 UA:22   +
   35    69  2   0.0%   0.061 UA:22   +
  103   134  2   0.0%   0.377 UA:22   +
   74    85  2   0.0%   0.185 UA:22   +
   69   107  2   0.0%   0.061 AU:22   +
   51   130  5   0.0%   0.106 GU:1    AU:18   +
   83   106  2   0.0%   0.351 CG:22   +
   37    66  5   0.0%   0.052 GC:15   GU:4    +
   74    92  2   0.0%   0.186 UA:22   +
    3    14  5   0.0%   0.001 AU:18   UA:1    +
   81   100  9   0.1%   0.036 CG:13   UG:2    +
   13    77  8   0.0%   0.079 GC:4    GU:1    AU:11   +
    2     7  5   0.0%   0.001 GU:1    UA:18   +
   57   103  5   0.0%   0.331 GU:1    AU:18   +
   66    94  5   0.0%   0.166 CG:15   UG:4    +
   50    73  2   0.0%   0.150 CG:22   +
   55   105  8   0.0%   0.327 GC:10   GU:4    AU:2    +
   17   106  2   0.0%   0.133 CG:22   +
   86   103  2   0.0%   0.146 AU:22   +
  103   128  2   0.0%   0.227 UA:22   +
   69    91  2   0.0%   0.061 AU:22   +
   16   106  2   0.0%   0.128 CG:22   +
    2   131  2   0.0%   0.005 UG:22   +
   53   106  2   0.0%   0.438 CG:22   +
   74   119  2   0.0%   0.184 UA:22   +
    2   118  2   0.0%   0.004 UA:22   +
   51    71  5   0.0%   0.022 GU:1    AU:18   +
    2   128  2   0.0%   0.004 UA:22   +
   88   103  2   0.0%   0.040 AU:22   +
   74   110  2   0.0%   0.183 UA:22   +
    1   100  5   0.0%   0.000 CG:9    UG:10   +
   85   103  2   0.0%   0.051 AU:22   +
    2   119  2   0.0%   0.004 UA:22   +
   10   103  5   0.0%   0.017 GU:1    AU:18   +
   74   104  2   0.0%   0.184 UA:22   +
   74   113  2   0.0%   0.183 UA:22   +
    1   131  5   0.0%   0.000 CG:9    UG:10   +
    2   112  2   0.0%   0.002 UA:22   +
    2   110  2   0.0%   0.002 UA:22   +
   51   122  5   0.0%   0.024 GU:1    AU:18   +
   55    67  8   0.0%   0.310 GC:12   GU:2    AU:2    +
    2   100  2   0.0%   0.001 UG:22   +
    2   113  2   0.0%   0.002 UA:22   +
   24   106  5   0.0%   0.003 CG:14   UG:5    +
   51    68  5   0.0%   0.019 GU:1    AU:18   +
    2    30  2   0.0%   0.001 UA:22   +
   66    95  5   0.0%   0.166 CG:15   UG:4    +
   29    69  2   0.0%   0.003 UA:22   +
   51    56  5   0.0%   0.304 GU:1    AU:18   +
   51   125  5   0.0%   0.030 GU:1    AU:18   +
   74   118  2   0.0%   0.184 UA:22   +
   74   112  2   0.0%   0.183 UA:22   +
    4   105  8   0.0%   0.009 GC:8    GU:6    AU:2    +
   28    55  8   0.0%   0.003 CG:11   UG:3    UA:2    +
   74   134  2   0.0%   0.337 UA:22   +
   32    51  5   0.0%   0.018 UG:1    UA:18   +
    1    31  5   0.0%   0.000 CG:9    UG:10   +
   52    60  6   0.0%   0.233 GC:11   GU:7    +
   11    19  6   0.2%   0.033 UA:18   +
   49    65  3   0.1%   0.079 GC:21   +
   50    64  7   0.1%   0.171 CG:16   GU:1    +
   23   129  7   0.1%   0.081 UG:1    UA:16   +
    4    28  9   0.0%   0.001 GC:12   GU:2    AU:1    +
   55   120  9   0.0%   0.327 GC:12   GU:2    AU:1    +
    4   102  9   0.0%   0.009 GC:10   GU:4    AU:1    +
   28    79  9   0.0%   0.046 CG:9    UG:3    UA:3    +
   37    60  6   0.0%   0.034 GC:11   GU:7    +
   14    86  3   0.0%   0.103 UA:21   +
    6   106  6   0.0%   0.009 CG:12   UG:6    +
   11    78  6   0.0%   0.017 UG:3    UA:15   +
   49    77  6   0.0%   0.055 GC:6    GU:12   +
   60   100  6   0.0%   0.060 CG:11   UG:7    +
   18   131  8   0.1%   0.114 CG:11   UG:5    +
    2   117  7   0.0%   0.008 GC:2    UA:15   +
   18    94  8   0.0%   0.145 CG:11   UG:5    +
   14    88  3   0.0%   0.102 UA:21   +
   14    85  3   0.0%   0.097 UA:21   +
   14   119  3   0.0%   0.101 UA:21   +
   73   109  3   0.0%   0.027 GC:21   +
   14   128  3   0.0%   0.103 UA:21   +
   14   118  3   0.0%   0.100 UA:21   +
   14   134  3   0.0%   0.260 UA:21   +
   20    76  7   0.0%   0.053 UG:1    UA:16   +
   19    74  3   0.0%   0.066 AU:21   +
    2   108  7   0.0%   0.002 GC:1    UA:16   +
   26    54  7   0.0%   0.027 UG:1    UA:16   +
   14   135  3   0.0%   0.111 UA:21   +
   35    54  7   0.0%   0.021 UG:1    UA:16   +
   14   112  3   0.0%   0.099 UA:21   +
   14   113  3   0.0%   0.099 UA:21   +
   14   110  3   0.0%   0.099 UA:21   +
   14   101  3   0.0%   0.099 UA:21   +
   19   103  3   0.0%   0.107 AU:21   +
    2    19  3   0.0%   0.001 UA:21   +
   38    49  3   0.0%   0.035 CG:21   +
   29    54  7   0.0%   0.003 UG:1    UA:16   +
   23    30  7   0.0%   0.037 UG:1    UA:16   +
   14   104  3   0.0%   0.099 UA:21   +
   14    92  3   0.0%   0.099 UA:21   +
   71    76  7   0.0%   0.046 UG:1    UA:16   +
    3   116  4   0.0%   0.008 AU:20   +
   64    70  8   0.0%   0.045 GC:14   GU:2    +
   64   115  8   0.0%   0.026 GC:12   GU:4    +
   18   100  8   0.0%   0.007 CG:11   UG:5    +
   18    95  8   0.0%   0.142 CG:11   UG:5    +
   64   114  8   0.0%   0.023 GC:13   GU:3    +
   81    94  9   0.0%   0.144 CG:13   UG:2    +
   81    95  9   0.0%   0.147 CG:13   UG:2    +
   50    55  9   0.0%   0.449 CG:14   GC:1    +
    3   122  4   0.0%   0.004 AU:20   +
    3   125  4   0.0%   0.004 AU:20   +
    3   130  4   0.0%   0.004 AU:20   +
    3   107  4   0.0%   0.001 AU:20   +
   81   131  9   0.0%   0.126 CG:13   UG:2    +
    3    26  4   0.0%   0.001 AU:20   +
    3    20  4   0.0%   0.001 AU:20   +
    3    29  4   0.0%   0.001 AU:20   +
   18   106  9   0.0%   0.006 CG:10   UG:5    +
   81   106 10   0.0%   0.019 CG:12   UG:2    +
    4   124 10   0.0%   0.013 GC:11   GU:3    +
    4   121 10   0.0%   0.013 GC:12   GU:2    +
   73    81 10   0.0%   0.017 GC:12   GU:2    +
    4   114 10   0.0%   0.010 GC:13   GU:1    +
    7    20  5   0.0%   0.016 AU:19   +
    7    26  5   0.0%   0.016 AU:19   +
    7   125  5   0.0%   0.017 AU:19   +
    7   133  5   0.0%   0.155 AU:19   +
    7   122  5   0.0%   0.015 AU:19   +
   11   128  6   0.0%   0.026 UA:18   +
    7   116  5   0.0%   0.017 AU:19   +
    7    80  5   0.0%   0.014 AU:19   +
    7    82  5   0.0%   0.014 AU:19   +
    7    91  5   0.0%   0.014 AU:19   +
   11    88  6   0.0%   0.019 UA:18   +
   11   101  6   0.0%   0.020 UA:18   +
   11   118  6   0.0%   0.020 UA:18   +
   11    86  6   0.0%   0.018 UA:18   +
   11   119  6   0.0%   0.020 UA:18   +
   11   134  6   0.0%   0.190 UA:18   +
   23    88  7   0.0%   0.045 UA:17   +
   11    85  6   0.0%   0.017 UA:18   +
   11   112  6   0.0%   0.020 UA:18   +
   11   135  6   0.0%   0.042 UA:18   +
   11   113  6   0.0%   0.020 UA:18   +
   11   110  6   0.0%   0.020 UA:18   +
   11   104  6   0.0%   0.020 UA:18   +
   11    92  6   0.0%   0.018 UA:18   +
  107   111  7   0.0%   0.757 UA:17   +
   68   108  7   0.0%   0.025 UA:17   +
   91   111  7   0.0%   0.437 UA:17   +
   74   108  7   0.0%   0.184 UA:17   +
   23    86  7   0.0%   0.041 UA:17   +
   82   111  7   0.0%   0.342 UA:17   +
   23   101  7   0.0%   0.041 UA:17   +
   23    85  7   0.0%   0.039 UA:17   +
   82   108  7   0.0%   0.342 UA:17   +
   23   128  7   0.0%   0.043 UA:17   +
   23    92  7   0.0%   0.042 UA:17   +
   80   108  7   0.0%   0.197 UA:17   +
   80   111  7   0.0%   0.196 UA:17   +
   23   118  7   0.0%   0.041 UA:17   +
   23   119  7   0.0%   0.041 UA:17   +
   23   134  7   0.0%   0.197 UA:17   +
   23   135  7   0.0%   0.049 UA:17   +
   23   112  7   0.0%   0.040 UA:17   +
   26   111  7   0.0%   0.102 UA:17   +
   74   111  7   0.0%   0.182 UA:17   +
   23   113  7   0.0%   0.040 UA:17   +
   23   110  7   0.0%   0.040 UA:17   +
   20   111  7   0.0%   0.092 UA:17   +
   53    64  8   0.0%   0.449 CG:16   +
   41    64  8   0.0%   0.039 CG:16   +
   38    55 10   0.0%   0.034 CG:14   +
    4   127 10   0.0%   0.013 GC:14   +
   55   124 10   0.0%   0.328 GC:14   +
    4    16 10   0.0%   0.001 GC:14   +
    4   120 10   0.0%   0.012 GC:14   +
    4    17 10   0.0%   0.001 GC:14   +
   64   109 10   0.0%   0.023 GC:14   +
   41    55 10   0.0%   0.015 CG:14   +
    4    83 10   0.0%   0.001 GC:14   +
    4   109 11   0.0%   0.010 GC:13   +
.((((.....................((((((....((.((((((......))...))))...))...))))))................((((..........))))......................)))).
