checking for a BSD-compatible install... /usr/bin/install -c
checking whether build environment is sane... yes
/home/lorenz/Desktop/12_SISSIz_beta/missing: Unknown `--is-lightweight' option
Try `/home/lorenz/Desktop/12_SISSIz_beta/missing --help' for more information
configure: WARNING: 'missing' script is too old or missing
checking for a thread-safe mkdir -p... /bin/mkdir -p
checking for gawk... gawk
checking whether make sets $(MAKE)... yes
checking whether make supports nested variables... yes
checking for gcc... gcc
checking whether the C compiler works... yes
checking for C compiler default output file name... a.out
checking for suffix of executables... 
checking whether we are cross compiling... no
checking for suffix of object files... o
checking whether we are using the GNU C compiler... yes
checking whether gcc accepts -g... yes
checking for gcc option to accept ISO C89... none needed
checking whether gcc understands -c and -o together... yes
checking for style of include used by make... GNU
checking dependency style of gcc... gcc3
./configure: line 3893: installing: command not found
checking how to run the C preprocessor... gcc -E
checking for grep that handles long lines and -e... /bin/grep
checking for egrep... /bin/grep -E
checking for ANSI C header files... yes
checking for sys/types.h... yes
checking for sys/stat.h... yes
checking for stdlib.h... yes
checking for string.h... yes
checking for memory.h... yes
checking for strings.h... yes
checking for inttypes.h... yes
checking for stdint.h... yes
checking for unistd.h... yes
checking malloc.h usability... yes
checking malloc.h presence... yes
checking for malloc.h... yes
checking for strings.h... (cached) yes
checking for unistd.h... (cached) yes
checking for an ANSI C-conforming const... yes
checking for size_t... yes
checking for inline... inline
checking for strdup... yes
checking for strstr... yes
checking for strchr... yes
checking for erand48... yes
checking for g++... g++
checking whether we are using the GNU C++ compiler... yes
checking whether g++ accepts -g... yes
checking dependency style of g++... gcc3
checking for ranlib... ranlib
checking that generated files are newer than configure... done
configure: creating ./config.status
config.status: creating Makefile
config.status: creating librna/Makefile
config.status: creating sissiz/Makefile
config.status: creating levmar/Makefile
config.status: creating src/Makefile
config.status: creating phyml/Makefile
config.status: creating examples/Makefile
config.status: creating config.h
config.status: config.h is unchanged
config.status: executing depfiles commands
